-------------------------------------------------------------------------------
Test set: test.match.MatchTest
-------------------------------------------------------------------------------
Tests run: 3, Failures: 1, Errors: 0, Skipped: 0, Time elapsed: 2.353 s <<< FAILURE! - in test.match.MatchTest
testGetMatch(test.match.MatchTest)  Time elapsed: 0.095 s  <<< FAILURE!
java.lang.AssertionError
	at test.match.MatchTest.testGetMatch(MatchTest.java:23)

